<?xml version="1.0" encoding="UTF-8"?>
<!-- Generated by org.testng.reporters.JUnitReportReporter -->
<testsuite skipped="0" hostname="HP-PC" name="testClasses.CreateAccount" tests="1" failures="0" timestamp="13 Mar 2019 06:14:51 GMT" time="22.120" errors="0">
  <testcase name="test_CreateAccount" time="22.120" classname="testClasses.CreateAccount"/>
</testsuite> <!-- testClasses.CreateAccount -->
