<?xml version="1.0" encoding="UTF-8"?>
<!-- Generated by org.testng.reporters.JUnitReportReporter -->
<testsuite skipped="0" hostname="HP-PC" name="testClasses.LoginTest" tests="6" failures="0" timestamp="09 Mar 2019 08:30:47 GMT" time="41.017" errors="0">
  <testcase name="test_VerifyLoginErrorMessages" time="6.563" classname="testClasses.LoginTest"/>
  <testcase name="test_VerifyLoginErrorMessages" time="5.904" classname="testClasses.LoginTest"/>
  <testcase name="test_VerifyLoginErrorMessages" time="6.241" classname="testClasses.LoginTest"/>
  <testcase name="test_verifyloginbuttontest" time="5.948" classname="testClasses.LoginTest"/>
  <testcase name="test_VerifyLoginErrorMessages" time="9.629" classname="testClasses.LoginTest"/>
  <testcase name="test_loginPositiveData" time="6.732" classname="testClasses.LoginTest"/>
</testsuite> <!-- testClasses.LoginTest -->
