<?xml version="1.0" encoding="UTF-8"?>
<!-- Generated by org.testng.reporters.JUnitReportReporter -->
<testsuite skipped="0" hostname="HP-PC" name="testClasses.CreateLeadTest" tests="3" failures="0" timestamp="10 Mar 2019 19:35:08 GMT" time="48.865" errors="0">
  <testcase name="test_CreateLeadForm" time="16.500" classname="testClasses.CreateLeadTest"/>
  <testcase name="test_CreateLeadForm" time="17.243" classname="testClasses.CreateLeadTest"/>
  <testcase name="test_CreateLeadForm" time="15.122" classname="testClasses.CreateLeadTest"/>
</testsuite> <!-- testClasses.CreateLeadTest -->
